[2020-11-08 12:23:41.990] [puff::index::jointLog] [info] Running fixFasta
[2020-11-08 12:23:41.999] [puff::index::jointLog] [info] Replaced 369 non-ATCG nucleotides
[2020-11-08 12:23:41.999] [puff::index::jointLog] [info] Clipped poly-A tails from 1 transcripts
[2020-11-08 12:23:42.000] [puff::index::jointLog] [info] Filter size not provided; estimating from number of distinct k-mers
[2020-11-08 12:23:42.005] [puff::index::jointLog] [info] ntHll estimated 85640 distinct k-mers, setting filter size to 2^21
[2020-11-08 12:23:42.085] [puff::index::jointLog] [info] Starting the Pufferfish indexing by reading the GFA binary file.
[2020-11-08 12:23:42.085] [puff::index::jointLog] [info] Setting the index/BinaryGfa directory ERCC_index
[2020-11-08 12:23:42.086] [puff::index::jointLog] [info] Done wrapping the rank vector with a rank9sel structure.
[2020-11-08 12:23:42.086] [puff::index::jointLog] [info] contig count for validation: 95
[2020-11-08 12:23:42.086] [puff::index::jointLog] [info] Total # of Contigs : 95
[2020-11-08 12:23:42.086] [puff::index::jointLog] [info] Total # of numerical Contigs : 95
[2020-11-08 12:23:42.086] [puff::index::jointLog] [info] Total # of contig vec entries: 96
[2020-11-08 12:23:42.086] [puff::index::jointLog] [info] bits per offset entry 7
[2020-11-08 12:23:42.086] [puff::index::jointLog] [info] Done constructing the contig vector. 96
[2020-11-08 12:23:42.087] [puff::index::jointLog] [info] # segments = 95
[2020-11-08 12:23:42.087] [puff::index::jointLog] [info] total length = 83,183
[2020-11-08 12:23:42.087] [puff::index::jointLog] [info] Reading the reference files ...
[2020-11-08 12:23:42.088] [puff::index::jointLog] [info] positional integer width = 17
[2020-11-08 12:23:42.088] [puff::index::jointLog] [info] seqSize = 83,183
[2020-11-08 12:23:42.088] [puff::index::jointLog] [info] rankSize = 83,183
[2020-11-08 12:23:42.088] [puff::index::jointLog] [info] edgeVecSize = 0
[2020-11-08 12:23:42.088] [puff::index::jointLog] [info] num keys = 80,333
[2020-11-08 12:23:42.111] [puff::index::jointLog] [info] mphf size = 0.0509033 MB
[2020-11-08 12:23:42.111] [puff::index::jointLog] [info] chunk size = 41,592
[2020-11-08 12:23:42.111] [puff::index::jointLog] [info] chunk 0 = [0, 41,592)
[2020-11-08 12:23:42.111] [puff::index::jointLog] [info] chunk 1 = [41,592, 83,153)
[2020-11-08 12:23:42.119] [puff::index::jointLog] [info] finished populating pos vector
[2020-11-08 12:23:42.119] [puff::index::jointLog] [info] writing index components
[2020-11-08 12:23:42.120] [puff::index::jointLog] [info] finished writing dense pufferfish index
